<?xml version="1.0" encoding="UTF-8"?>
<!-- Generated by org.testng.reporters.JUnitReportReporter -->
<testsuite skipped="0" hostname="LAPTOP-12QPG602" name="practise.FirstTest" tests="1" failures="0" timestamp="29 Apr 2021 11:55:51 GMT" time="0.017" errors="0">
  <testcase name="testcase1" time="0.017" classname="practise.FirstTest"/>
</testsuite> <!-- practise.FirstTest -->
