<?xml version="1.0" encoding="UTF-8"?>
<!-- Generated by org.testng.reporters.JUnitReportReporter -->
<testsuite skipped="0" hostname="LAPTOP-12QPG602" name="myinfo.PersonalDetails" tests="1" failures="0" timestamp="30 Apr 2021 09:51:12 GMT" time="1.273" errors="0">
  <testcase name="personalDetailsForm" time="1.273" classname="myinfo.PersonalDetails"/>
</testsuite> <!-- myinfo.PersonalDetails -->
